
**** Build of configuration Debug for project App2 ****

"C:\\ti\\ccsv7\\utils\\bin\\gmake" -k -j 4 all -O 
'Building file: ../source/asm/divisions_func.asm'
'Invoking: C6000 Compiler'
"C:/ti/ccsv7/tools/compiler/c6000_7.4.20/bin/cl6x" -mv6700 --abi=coffabi -g --include_path="C:/ti/ccsv7/tools/compiler/c6000_7.4.20/include" --include_path="C:/ti/ccsv7/ccs_base/C6xCSL/include" --include_path="C:/ti/dsk6713/include" --define=c6701 --define=CHIP_6713 --diag_warning=225 --diag_wrap=off --display_error_number --mem_model:const=far --mem_model:data=far --preproc_with_compile --preproc_dependency="source/asm/divisions_func.d" --obj_directory="source/asm"  "../source/asm/divisions_func.asm"
'Finished building: ../source/asm/divisions_func.asm'
' '
'Building file: ../source/asm/multiplication_func.asm'
'Invoking: C6000 Compiler'
"C:/ti/ccsv7/tools/compiler/c6000_7.4.20/bin/cl6x" -mv6700 --abi=coffabi -g --include_path="C:/ti/ccsv7/tools/compiler/c6000_7.4.20/include" --include_path="C:/ti/ccsv7/ccs_base/C6xCSL/include" --include_path="C:/ti/dsk6713/include" --define=c6701 --define=CHIP_6713 --diag_warning=225 --diag_wrap=off --display_error_number --mem_model:const=far --mem_model:data=far --preproc_with_compile --preproc_dependency="source/asm/multiplication_func.d" --obj_directory="source/asm"  "../source/asm/multiplication_func.asm"
'Finished building: ../source/asm/multiplication_func.asm'
' '
'Building file: ../source/asm/soustraction_func.asm'
'Invoking: C6000 Compiler'
"C:/ti/ccsv7/tools/compiler/c6000_7.4.20/bin/cl6x" -mv6700 --abi=coffabi -g --include_path="C:/ti/ccsv7/tools/compiler/c6000_7.4.20/include" --include_path="C:/ti/ccsv7/ccs_base/C6xCSL/include" --include_path="C:/ti/dsk6713/include" --define=c6701 --define=CHIP_6713 --diag_warning=225 --diag_wrap=off --display_error_number --mem_model:const=far --mem_model:data=far --preproc_with_compile --preproc_dependency="source/asm/soustraction_func.d" --obj_directory="source/asm"  "../source/asm/soustraction_func.asm"
'Finished building: ../source/asm/soustraction_func.asm'
' '
'Building target: App2.out'
'Invoking: C6000 Linker'
"C:/ti/ccsv7/tools/compiler/c6000_7.4.20/bin/cl6x" -mv6700 --abi=coffabi -g --define=c6701 --define=CHIP_6713 --diag_warning=225 --diag_wrap=off --display_error_number --mem_model:const=far --mem_model:data=far -z -m"App2.map" --stack_size=0x1000 --heap_size=0x1000 -i"C:/ti/ccsv7/tools/compiler/c6000_7.4.20/lib" -i"C:/ti/ccsv7/tools/compiler/c6000_7.4.20/include" --reread_libs --warn_sections --display_error_number --diag_wrap=off --xml_link_info="App2_linkInfo.xml" --rom_model -o "App2.out" "./source/asm/addition_func.obj" "./source/asm/chiffrage_func.obj" "./source/asm/divisions_func.obj" "./source/asm/fonction_rapport.obj" "./source/asm/multiplication_func.obj" "./source/asm/soustraction_func.obj" "./source/c/App1.obj"  -llibc.a -l"C:/ti/ccsv7/tools/compiler/c6000_7.4.20/lib/rts6700.lib" -l"C:/ti/ccsv7/ccs_base/C6xCSL/lib_3x/csl6713.lib" -l"C:/ti/dsk6713/lib/dsk6713bsl.lib" 
<Linking>
'Finished building target: App2.out'
' '

**** Build Finished ****
